[debug] [2021-09-27T13:09:54.548Z] ----------------------------------------------------------------------
[debug] [2021-09-27T13:09:54.551Z] Command:       /Users/kidotakuya/.nodebrew/node/v16.4.2/bin/node /Users/kidotakuya/.nodebrew/current/bin/firebase init
[debug] [2021-09-27T13:09:54.551Z] CLI Version:   9.18.0
[debug] [2021-09-27T13:09:54.551Z] Platform:      darwin
[debug] [2021-09-27T13:09:54.551Z] Node Version:  v16.4.2
[debug] [2021-09-27T13:09:54.553Z] Time:          Mon Sep 27 2021 22:09:54 GMT+0900 (日本標準時)
[debug] [2021-09-27T13:09:54.553Z] ----------------------------------------------------------------------
[debug] 
[debug] [2021-09-27T13:09:54.565Z] > command requires scopes: ["email","openid","https://www.googleapis.com/auth/cloudplatformprojects.readonly","https://www.googleapis.com/auth/firebase","https://www.googleapis.com/auth/cloud-platform"]
[debug] [2021-09-27T13:09:54.565Z] > authorizing via signed-in user (takuyakido1993@gmail.com)
[info] 
     ######## #### ########  ######## ########     ###     ######  ########
     ##        ##  ##     ## ##       ##     ##  ##   ##  ##       ##
     ######    ##  ########  ######   ########  #########  ######  ######
     ##        ##  ##    ##  ##       ##     ## ##     ##       ## ##
     ##       #### ##     ## ######## ########  ##     ##  ######  ########

You're about to initialize a Firebase project in this directory:

  /Users/kidotakuya/react-app/udemy_todo

[info] 
=== Project Setup
[info] 
[info] First, let's associate this project directory with a Firebase project.
[info] You can create multiple project aliases by running firebase use --add, 
[info] but for now we'll just set up a default project.
[info] 
[debug] [2021-09-27T13:11:31.173Z] >>> [apiv2][query] GET https://firebase.googleapis.com/v1beta1/projects pageSize=100
[debug] [2021-09-27T13:11:32.343Z] <<< [apiv2][status] GET https://firebase.googleapis.com/v1beta1/projects 200
[debug] [2021-09-27T13:11:32.343Z] <<< [apiv2][body] GET https://firebase.googleapis.com/v1beta1/projects [omitted]
[info] i  Using project udemy-todo-e655b (udemy-todo) 
[info] 
=== Hosting Setup
[info] 
[info] Your public directory is the folder (relative to your project directory) that
[info] will contain Hosting assets to be uploaded with firebase deploy. If you
[info] have a build process for your assets, use your build's output directory.
[info] 
[debug] [2021-09-27T13:12:39.875Z] >>> [apiv2][query] GET https://www.gstatic.com/firebasejs/releases.json [none]
[debug] [2021-09-27T13:12:40.050Z] <<< [apiv2][status] GET https://www.gstatic.com/firebasejs/releases.json 200
[debug] [2021-09-27T13:12:40.050Z] <<< [apiv2][body] GET https://www.gstatic.com/firebasejs/releases.json {"current":{"version":"9.1.0","browserURL":"https://www.gstatic.com/firebasejs/9.1.0/firebase.js","packageURL":"https://www.gstatic.com/firebasejs/9.1.0/firebase.tgz"},"live":{"version":"9.1","browserURL":"https://www.gstatic.com/firebasejs/live/9.1/firebase.js","packageURL":"https://www.gstatic.com/firebasejs/live/9.1/firebase.tgz"},"components":{"analytics":"https://www.gstatic.com/firebasejs/9.1.0/firebase-analytics.js","app":"https://www.gstatic.com/firebasejs/9.1.0/firebase-app.js","app-check":"https://www.gstatic.com/firebasejs/9.1.0/firebase-app-check.js","auth":"https://www.gstatic.com/firebasejs/9.1.0/firebase-auth.js","auth/cordova":"https://www.gstatic.com/firebasejs/9.1.0/firebase-auth/cordova.js","auth/react-native":"https://www.gstatic.com/firebasejs/9.1.0/firebase-auth/react-native.js","functions":"https://www.gstatic.com/firebasejs/9.1.0/firebase-functions.js","firestore":"https://www.gstatic.com/firebasejs/9.1.0/firebase-firestore.js","firestore/lite":"https://www.gstatic.com/firebasejs/9.1.0/firebase-firestore/lite.js","storage":"https://www.gstatic.com/firebasejs/9.1.0/firebase-storage.js","performance":"https://www.gstatic.com/firebasejs/9.1.0/firebase-performance.js","remote-config":"https://www.gstatic.com/firebasejs/9.1.0/firebase-remote-config.js","messaging":"https://www.gstatic.com/firebasejs/9.1.0/firebase-messaging.js","messaging/sw":"https://www.gstatic.com/firebasejs/9.1.0/firebase-messaging/sw.js","database":"https://www.gstatic.com/firebasejs/9.1.0/firebase-database.js","firestore.memory":"https://www.gstatic.com/firebasejs/9.1.0/firebase-firestore.memory.js"}}
[info] i  Skipping write of build/index.html 
[info] 
[info] i  Detected a .git folder at /Users/kidotakuya/react-app/udemy_todo 
[info] i  Authorizing with GitHub to upload your service account to a GitHub repository's secrets store. 
[info] 
[info] Visit this URL on this device to log in:
[info] https://github.com/login/oauth/authorize?client_id=89cf50f02ac6aaed3484&state=541620926&redirect_uri=http%3A%2F%2Flocalhost%3A9005&scope=read%3Auser%20repo%20public_repo
[info] 
[info] Waiting for authentication...
[debug] [2021-09-27T13:13:01.324Z] >>> HTTP REQUEST POST https://github.com/login/oauth/access_token  
 {"client_id":"89cf50f02ac6aaed3484","client_secret":"3330d14abc895d9a74d5f17cd7a00711fa2c5bf0","code":"46f235cf294f62923144","redirect_uri":"http://localhost:9005","state":"541620926"}
[debug] [2021-09-27T13:13:01.848Z] <<< HTTP RESPONSE 200 {"server":"GitHub.com","date":"Mon, 27 Sep 2021 13:13:03 GMT","content-type":"application/json; charset=utf-8","transfer-encoding":"chunked","vary":"X-PJAX, X-PJAX-Container, Accept-Encoding, Accept, X-Requested-With","permissions-policy":"interest-cohort=()","etag":"W/\"d9bfdb8b88f7bdb6bc4991c6b57a8073\"","cache-control":"max-age=0, private, must-revalidate","strict-transport-security":"max-age=31536000; includeSubdomains; preload","x-frame-options":"deny","x-content-type-options":"nosniff","x-xss-protection":"0","referrer-policy":"origin-when-cross-origin, strict-origin-when-cross-origin","expect-ct":"max-age=2592000, report-uri=\"https://api.github.com/_private/browser/errors\"","content-security-policy":"default-src 'none'; base-uri 'self'; block-all-mixed-content; child-src github.githubassets.com; connect-src 'self' uploads.github.com www.githubstatus.com collector.githubapp.com api.github.com github-cloud.s3.amazonaws.com github-production-repository-file-5c1aeb.s3.amazonaws.com github-production-upload-manifest-file-7fdce7.s3.amazonaws.com github-production-user-asset-6210df.s3.amazonaws.com cdn.optimizely.com logx.optimizely.com/v1/events translator.github.com wss://alive.github.com; font-src github.githubassets.com; form-action 'self' github.com gist.github.com; frame-ancestors 'none'; frame-src render.githubusercontent.com viewscreen.githubusercontent.com; img-src 'self' data: github.githubassets.com identicons.github.com collector.githubapp.com github-cloud.s3.amazonaws.com secured-user-images.githubusercontent.com/ *.githubusercontent.com; manifest-src 'self'; media-src github.com user-images.githubusercontent.com/; script-src github.githubassets.com; style-src 'unsafe-inline' github.githubassets.com; worker-src github.githubassets.com github.com/socket-worker-0af8a29d.js gist.github.com/socket-worker-0af8a29d.js","x-github-request-id":"C687:5C86:7F7156:979806:6151C35F"}
[debug] [2021-09-27T13:13:01.854Z] >>> [apiv2][query] GET https://api.github.com/user [none]
[debug] [2021-09-27T13:13:02.244Z] <<< [apiv2][status] GET https://api.github.com/user 200
[debug] [2021-09-27T13:13:02.244Z] <<< [apiv2][body] GET https://api.github.com/user {"login":"kidotalos","id":71769516,"node_id":"MDQ6VXNlcjcxNzY5NTE2","avatar_url":"https://avatars.githubusercontent.com/u/71769516?v=4","gravatar_id":"","url":"https://api.github.com/users/kidotalos","html_url":"https://github.com/kidotalos","followers_url":"https://api.github.com/users/kidotalos/followers","following_url":"https://api.github.com/users/kidotalos/following{/other_user}","gists_url":"https://api.github.com/users/kidotalos/gists{/gist_id}","starred_url":"https://api.github.com/users/kidotalos/starred{/owner}{/repo}","subscriptions_url":"https://api.github.com/users/kidotalos/subscriptions","organizations_url":"https://api.github.com/users/kidotalos/orgs","repos_url":"https://api.github.com/users/kidotalos/repos","events_url":"https://api.github.com/users/kidotalos/events{/privacy}","received_events_url":"https://api.github.com/users/kidotalos/received_events","type":"User","site_admin":false,"name":null,"company":null,"blog":"","location":null,"email":null,"hireable":null,"bio":null,"twitter_username":null,"public_repos":9,"public_gists":0,"followers":1,"following":1,"created_at":"2020-09-23T12:44:56Z","updated_at":"2021-09-27T13:12:59Z","private_gists":0,"total_private_repos":0,"owned_private_repos":0,"disk_usage":127051,"collaborators":0,"two_factor_authentication":false,"plan":{"name":"free","space":976562499,"collaborators":0,"private_repos":10000}}
[info] 
[info] ✔  Success! Logged into GitHub as kidotalos 
[info] 
[debug] [2021-09-27T13:13:20.923Z] >>> [apiv2][query] GET https://api.github.com/repos//actions/secrets/public-key type=owner
[debug] [2021-09-27T13:13:21.293Z] <<< [apiv2][status] GET https://api.github.com/repos//actions/secrets/public-key 404
[debug] [2021-09-27T13:13:21.293Z] <<< [apiv2][body] GET https://api.github.com/repos//actions/secrets/public-key {"message":"Not Found","documentation_url":"https://docs.github.com/rest"}
[debug] [2021-09-27T13:14:46.756Z] >>> [apiv2][query] GET https://api.github.com/repos//actions/secrets/public-key type=owner
[debug] [2021-09-27T13:14:47.218Z] <<< [apiv2][status] GET https://api.github.com/repos//actions/secrets/public-key 404
[debug] [2021-09-27T13:14:47.218Z] <<< [apiv2][body] GET https://api.github.com/repos//actions/secrets/public-key {"message":"Not Found","documentation_url":"https://docs.github.com/rest"}
[debug] [2021-09-27T13:16:10.539Z] >>> [apiv2][query] GET https://api.github.com/repos/(kidotals/udemy-todo)/actions/secrets/public-key type=owner
[debug] [2021-09-27T13:16:10.873Z] <<< [apiv2][status] GET https://api.github.com/repos/(kidotals/udemy-todo)/actions/secrets/public-key 404
[debug] [2021-09-27T13:16:10.874Z] <<< [apiv2][body] GET https://api.github.com/repos/(kidotals/udemy-todo)/actions/secrets/public-key {"message":"Not Found","documentation_url":"https://docs.github.com/rest/reference/actions#get-a-repository-public-key"}
[debug] [2021-09-27T13:17:15.996Z] >>> [apiv2][query] GET https://api.github.com/repos/(kidotals/udemy-todo)/actions/secrets/public-key type=owner
[debug] [2021-09-27T13:17:16.327Z] <<< [apiv2][status] GET https://api.github.com/repos/(kidotals/udemy-todo)/actions/secrets/public-key 404
[debug] [2021-09-27T13:17:16.327Z] <<< [apiv2][body] GET https://api.github.com/repos/(kidotals/udemy-todo)/actions/secrets/public-key {"message":"Not Found","documentation_url":"https://docs.github.com/rest/reference/actions#get-a-repository-public-key"}
